<?xml version="1.0" encoding="UTF-8"?>
<testng-results ignored="0" total="5" passed="5" failed="0" skipped="0">
  <reporter-output>
  </reporter-output>
  <suite started-at="2023-08-19T12:39:01 IST" name="Suite" finished-at="2023-08-19T12:39:53 IST" duration-ms="52375">
    <groups>
    </groups>
    <test started-at="2023-08-19T12:39:01 IST" name="Test" finished-at="2023-08-19T12:39:53 IST" duration-ms="52375">
      <class name="testCases.TC_003_LoginDataDrivenTest">
        <test-method is-config="true" signature="setup(java.lang.String)[pri:0, instance:testCases.TC_003_LoginDataDrivenTest@6aeb35e6]" started-at="2023-08-19T12:39:01 IST" name="setup" finished-at="2023-08-19T12:39:11 IST" duration-ms="9699" status="PASS">
          <params>
            <param index="0">
              <value>
                <![CDATA[edge]]>
              </value>
            </param>
          </params>
          <reporter-output>
          </reporter-output>
        </test-method> <!-- setup -->
        <test-method signature="test_LoginDDT(java.lang.String,java.lang.String,java.lang.String)[pri:0, instance:testCases.TC_003_LoginDataDrivenTest@6aeb35e6]" started-at="2023-08-19T12:39:12 IST" name="test_LoginDDT" data-provider="LoginData" finished-at="2023-08-19T12:39:15 IST" duration-ms="3480" status="PASS">
          <params>
            <param index="0">
              <value>
                <![CDATA[Admin]]>
              </value>
            </param>
            <param index="1">
              <value>
                <![CDATA[admin123]]>
              </value>
            </param>
            <param index="2">
              <value>
                <![CDATA[Valid]]>
              </value>
            </param>
          </params>
          <reporter-output>
          </reporter-output>
        </test-method> <!-- test_LoginDDT -->
        <test-method signature="test_LoginDDT(java.lang.String,java.lang.String,java.lang.String)[pri:0, instance:testCases.TC_003_LoginDataDrivenTest@6aeb35e6]" started-at="2023-08-19T12:39:15 IST" name="test_LoginDDT" data-provider="LoginData" finished-at="2023-08-19T12:39:27 IST" duration-ms="11620" status="PASS">
          <params>
            <param index="0">
              <value>
                <![CDATA[ghfdj]]>
              </value>
            </param>
            <param index="1">
              <value>
                <![CDATA[Laxmi]]>
              </value>
            </param>
            <param index="2">
              <value>
                <![CDATA[Invalid]]>
              </value>
            </param>
          </params>
          <reporter-output>
          </reporter-output>
        </test-method> <!-- test_LoginDDT -->
        <test-method signature="test_LoginDDT(java.lang.String,java.lang.String,java.lang.String)[pri:0, instance:testCases.TC_003_LoginDataDrivenTest@6aeb35e6]" started-at="2023-08-19T12:39:27 IST" name="test_LoginDDT" data-provider="LoginData" finished-at="2023-08-19T12:39:38 IST" duration-ms="11069" status="PASS">
          <params>
            <param index="0">
              <value>
                <![CDATA[dfgege]]>
              </value>
            </param>
            <param index="1">
              <value>
                <![CDATA[Lakshmi]]>
              </value>
            </param>
            <param index="2">
              <value>
                <![CDATA[Invalid]]>
              </value>
            </param>
          </params>
          <reporter-output>
          </reporter-output>
        </test-method> <!-- test_LoginDDT -->
        <test-method signature="test_LoginDDT(java.lang.String,java.lang.String,java.lang.String)[pri:0, instance:testCases.TC_003_LoginDataDrivenTest@6aeb35e6]" started-at="2023-08-19T12:39:38 IST" name="test_LoginDDT" data-provider="LoginData" finished-at="2023-08-19T12:39:49 IST" duration-ms="11084" status="PASS">
          <params>
            <param index="0">
              <value>
                <![CDATA[dgeg]]>
              </value>
            </param>
            <param index="1">
              <value>
                <![CDATA[xyz]]>
              </value>
            </param>
            <param index="2">
              <value>
                <![CDATA[Invalid]]>
              </value>
            </param>
          </params>
          <reporter-output>
          </reporter-output>
        </test-method> <!-- test_LoginDDT -->
        <test-method signature="test_LoginDDT(java.lang.String,java.lang.String,java.lang.String)[pri:0, instance:testCases.TC_003_LoginDataDrivenTest@6aeb35e6]" started-at="2023-08-19T12:39:49 IST" name="test_LoginDDT" data-provider="LoginData" finished-at="2023-08-19T12:39:53 IST" duration-ms="3549" status="PASS">
          <params>
            <param index="0">
              <value>
                <![CDATA[Admin]]>
              </value>
            </param>
            <param index="1">
              <value>
                <![CDATA[admin123]]>
              </value>
            </param>
            <param index="2">
              <value>
                <![CDATA[Valid]]>
              </value>
            </param>
          </params>
          <reporter-output>
          </reporter-output>
        </test-method> <!-- test_LoginDDT -->
        <test-method is-config="true" signature="tearDown()[pri:0, instance:testCases.TC_003_LoginDataDrivenTest@6aeb35e6]" started-at="2023-08-19T12:39:53 IST" name="tearDown" finished-at="2023-08-19T12:39:53 IST" duration-ms="282" status="PASS">
          <reporter-output>
          </reporter-output>
        </test-method> <!-- tearDown -->
      </class> <!-- testCases.TC_003_LoginDataDrivenTest -->
    </test> <!-- Test -->
  </suite> <!-- Suite -->
</testng-results>
