<?xml version="1.0" encoding="UTF-8"?>
<testng-results ignored="0" total="5" passed="5" failed="0" skipped="0">
  <reporter-output>
  </reporter-output>
  <suite started-at="2023-08-19T11:26:59 IST" name="Suite" finished-at="2023-08-19T11:27:51 IST" duration-ms="51859">
    <groups>
    </groups>
    <test started-at="2023-08-19T11:26:59 IST" name="Test" finished-at="2023-08-19T11:27:51 IST" duration-ms="51859">
      <class name="testCases.TC_003_LoginDataDrivenTest">
        <test-method is-config="true" signature="setup(java.lang.String)[pri:0, instance:testCases.TC_003_LoginDataDrivenTest@5dda768f]" started-at="2023-08-19T11:27:00 IST" name="setup" finished-at="2023-08-19T11:27:08 IST" duration-ms="8274" status="PASS">
          <params>
            <param index="0">
              <value>
                <![CDATA[edge]]>
              </value>
            </param>
          </params>
          <reporter-output>
          </reporter-output>
        </test-method> <!-- setup -->
        <test-method signature="test_LoginDDT(java.lang.String,java.lang.String,java.lang.String)[pri:0, instance:testCases.TC_003_LoginDataDrivenTest@5dda768f]" started-at="2023-08-19T11:27:10 IST" name="test_LoginDDT" data-provider="LoginData" finished-at="2023-08-19T11:27:15 IST" duration-ms="4352" status="PASS">
          <params>
            <param index="0">
              <value>
                <![CDATA[Admin]]>
              </value>
            </param>
            <param index="1">
              <value>
                <![CDATA[admin123]]>
              </value>
            </param>
            <param index="2">
              <value>
                <![CDATA[Valid]]>
              </value>
            </param>
          </params>
          <reporter-output>
          </reporter-output>
        </test-method> <!-- test_LoginDDT -->
        <test-method signature="test_LoginDDT(java.lang.String,java.lang.String,java.lang.String)[pri:0, instance:testCases.TC_003_LoginDataDrivenTest@5dda768f]" started-at="2023-08-19T11:27:15 IST" name="test_LoginDDT" data-provider="LoginData" finished-at="2023-08-19T11:27:26 IST" duration-ms="11383" status="PASS">
          <params>
            <param index="0">
              <value>
                <![CDATA[ghfdj]]>
              </value>
            </param>
            <param index="1">
              <value>
                <![CDATA[Laxmi]]>
              </value>
            </param>
            <param index="2">
              <value>
                <![CDATA[Invalid]]>
              </value>
            </param>
          </params>
          <reporter-output>
          </reporter-output>
        </test-method> <!-- test_LoginDDT -->
        <test-method signature="test_LoginDDT(java.lang.String,java.lang.String,java.lang.String)[pri:0, instance:testCases.TC_003_LoginDataDrivenTest@5dda768f]" started-at="2023-08-19T11:27:26 IST" name="test_LoginDDT" data-provider="LoginData" finished-at="2023-08-19T11:27:37 IST" duration-ms="11012" status="PASS">
          <params>
            <param index="0">
              <value>
                <![CDATA[dfgege]]>
              </value>
            </param>
            <param index="1">
              <value>
                <![CDATA[Lakshmi]]>
              </value>
            </param>
            <param index="2">
              <value>
                <![CDATA[Invalid]]>
              </value>
            </param>
          </params>
          <reporter-output>
          </reporter-output>
        </test-method> <!-- test_LoginDDT -->
        <test-method signature="test_LoginDDT(java.lang.String,java.lang.String,java.lang.String)[pri:0, instance:testCases.TC_003_LoginDataDrivenTest@5dda768f]" started-at="2023-08-19T11:27:37 IST" name="test_LoginDDT" data-provider="LoginData" finished-at="2023-08-19T11:27:48 IST" duration-ms="10998" status="PASS">
          <params>
            <param index="0">
              <value>
                <![CDATA[dgeg]]>
              </value>
            </param>
            <param index="1">
              <value>
                <![CDATA[xyz]]>
              </value>
            </param>
            <param index="2">
              <value>
                <![CDATA[Invalid]]>
              </value>
            </param>
          </params>
          <reporter-output>
          </reporter-output>
        </test-method> <!-- test_LoginDDT -->
        <test-method signature="test_LoginDDT(java.lang.String,java.lang.String,java.lang.String)[pri:0, instance:testCases.TC_003_LoginDataDrivenTest@5dda768f]" started-at="2023-08-19T11:27:48 IST" name="test_LoginDDT" data-provider="LoginData" finished-at="2023-08-19T11:27:51 IST" duration-ms="2948" status="PASS">
          <params>
            <param index="0">
              <value>
                <![CDATA[Admin]]>
              </value>
            </param>
            <param index="1">
              <value>
                <![CDATA[admin123]]>
              </value>
            </param>
            <param index="2">
              <value>
                <![CDATA[Valid]]>
              </value>
            </param>
          </params>
          <reporter-output>
          </reporter-output>
        </test-method> <!-- test_LoginDDT -->
        <test-method is-config="true" signature="tearDown()[pri:0, instance:testCases.TC_003_LoginDataDrivenTest@5dda768f]" started-at="2023-08-19T11:27:51 IST" name="tearDown" finished-at="2023-08-19T11:27:51 IST" duration-ms="394" status="PASS">
          <reporter-output>
          </reporter-output>
        </test-method> <!-- tearDown -->
      </class> <!-- testCases.TC_003_LoginDataDrivenTest -->
    </test> <!-- Test -->
  </suite> <!-- Suite -->
</testng-results>
